<?xml version="1.0" encoding="UTF-8"?>
<testsuite name="DictionaryTest" tests="4" skipped="0" failures="0" errors="0" timestamp="2021-10-28T13:09:37" hostname="LAPTOP-BDURKR70" time="0.05">
  <properties/>
  <testcase name="IsEmpty()" classname="DictionaryTest" time="0.026"/>
  <testcase name="testManyTranslation()" classname="DictionaryTest" time="0.019"/>
  <testcase name="testOneTranslation()" classname="DictionaryTest" time="0.001"/>
  <testcase name="testDictionaryName()" classname="DictionaryTest" time="0.001"/>
  <system-out><![CDATA[]]></system-out>
  <system-err><![CDATA[]]></system-err>
</testsuite>
