<?xml version="1.0" encoding="UTF-8"?>
<testsuite name="DictionaryTest" tests="3" skipped="0" failures="0" errors="0" timestamp="2021-10-28T11:42:48" hostname="LAPTOP-BDURKR70" time="0.044">
  <properties/>
  <testcase name="IsEmpty()" classname="DictionaryTest" time="0.031"/>
  <testcase name="testOneTranslation()" classname="DictionaryTest" time="0.009"/>
  <testcase name="testDictionaryName()" classname="DictionaryTest" time="0.001"/>
  <system-out><![CDATA[]]></system-out>
  <system-err><![CDATA[]]></system-err>
</testsuite>
