<?xml version="1.0" encoding="UTF-8"?>
<testsuite name="DictionaryTest" tests="1" skipped="0" failures="0" errors="0" timestamp="2021-10-28T10:02:09" hostname="LAPTOP-BDURKR70" time="0.039">
  <properties/>
  <testcase name="testDictionaryName()" classname="DictionaryTest" time="0.039"/>
  <system-out><![CDATA[]]></system-out>
  <system-err><![CDATA[]]></system-err>
</testsuite>
